<?xml version="1.0" encoding="UTF-8"?>
<!-- Generated by org.testng.reporters.JUnitReportReporter -->
<testsuite hostname="CM1VA964" failures="0" tests="1" name="WebApp_July.OHLoginJuly" time="12.382" errors="0" timestamp="2023-07-06T20:14:20 IST" skipped="0">
  <testcase classname="WebApp_July.OHLoginJuly" name="VerifyTitle" time="12.382"/>
  <system-out/>
</testsuite> <!-- WebApp_July.OHLoginJuly -->
