<?xml version="1.0" encoding="UTF-8"?>
<!-- Generated by org.testng.reporters.JUnitReportReporter -->
<testsuite hostname="CM1VA964" failures="0" tests="1" name="WebApp_July.OHLoginJuly" time="14.542" errors="0" timestamp="2023-07-07T15:40:08 IST" skipped="0">
  <testcase classname="WebApp_July.OHLoginJuly" name="VerifyTitle" time="14.542"/>
  <system-out/>
</testsuite> <!-- WebApp_July.OHLoginJuly -->
